<?xml version="1.0" encoding="UTF-8"?>
<!-- Generated by org.testng.reporters.JUnitReportReporter -->
<testsuite hostname="LAPTOP-J8JOLEM1" failures="0" tests="1" name="practice.Parameters" time="0.023" errors="0" timestamp="2023-03-24T19:23:39 CDT" skipped="0">
  <testcase classname="practice.Parameters" name="m1" time="0.023"/>
  <system-out/>
</testsuite> <!-- practice.Parameters -->
